<?xml version="1.0" encoding="UTF-8"?>
<testng-results skipped="0" failed="0" ignored="0" total="1" passed="1">
  <reporter-output>
  </reporter-output>
  <suite name="Default suite" duration-ms="24540" started-at="2018-12-18T05:33:09Z" finished-at="2018-12-18T05:33:34Z">
    <groups>
    </groups>
    <test name="Default test" duration-ms="24540" started-at="2018-12-18T05:33:09Z" finished-at="2018-12-18T05:33:34Z">
      <class name="Tests.LaunchApp">
        <test-method status="PASS" signature="LaunchApp()[pri:0, instance:Tests.LaunchApp@52e677af]" name="LaunchApp" duration-ms="24373" started-at="2018-12-18T05:33:09Z" finished-at="2018-12-18T05:33:34Z">
          <reporter-output>
          </reporter-output>
        </test-method> <!-- LaunchApp -->
      </class> <!-- Tests.LaunchApp -->
    </test> <!-- Default test -->
  </suite> <!-- Default suite -->
</testng-results>
